]Library/**
]Temp/**
]Obj/
]Build/**
]Builds/**
]Logs/**
]UserSettings/**
]MemoryCaptures/
]Assets/**/*.meta
Assets/Plugins/Editor/JetBrains*
.vs/
.gradle/
ExportedObj/
.consulo/
*.csproj
*.unityproj
*.sln
*.suo
*.tmp
*.user
*.userprefs
*.pidb
*.booproj
*.svd
*.pdb
*.mdb
*.opendb
*.VC.db
*.pidb.meta
*.pdb.meta
*.mdb.meta
sysinfo.txt
*.apk
*.aab
]*.unitypackage
crashlytics-build.properties
/[Aa]ssets/[Aa]ddressable[Aa]ssets[Dd]ata/*/*.bin*
/[Aa]ssets/[Ss]treamingAssets/aa.meta
/[Aa]ssets/[Ss]treamingAssets/aa/
